This file contains any messages produced by compilers while
running configure, to aid debugging if configure makes a mistake.

It was created by chkchn configure 0.1.0, which was
generated by GNU Autoconf 2.69.  Invocation command line was

  $ ./configure 

## --------- ##
## Platform. ##
## --------- ##

hostname = MacBook-Pro-My.local
uname -m = x86_64
uname -r = 18.0.0
uname -s = Darwin
uname -v = Darwin Kernel Version 18.0.0: Wed Aug 22 20:13:40 PDT 2018; root:xnu-4903.201.2~1/RELEASE_X86_64

/usr/bin/uname -p = i386
/bin/uname -X     = unknown

/bin/arch              = unknown
/usr/bin/arch -k       = unknown
/usr/convex/getsysinfo = unknown
/usr/bin/hostinfo      = Mach kernel version:
	 Darwin Kernel Version 18.0.0: Wed Aug 22 20:13:40 PDT 2018; root:xnu-4903.201.2~1/RELEASE_X86_64
Kernel configured for up to 4 processors.
2 processors are physically available.
4 processors are logically available.
Processor type: x86_64h (Intel x86-64h Haswell)
Processors active: 0 1 2 3
Primary memory available: 8.00 gigabytes
Default processor set: 362 tasks, 1880 threads, 4 processors
Load average: 8.52, Mach factor: 0.47
/bin/machine           = unknown
/usr/bin/oslevel       = unknown
/bin/universe          = unknown

PATH: /anaconda3/bin
PATH: /usr/local/bin
PATH: /usr/bin
PATH: /bin
PATH: /usr/sbin
PATH: /sbin
PATH: /usr/local/bin


## ----------- ##
## Core tests. ##
## ----------- ##

configure:1755: checking for a BSD-compatible install
configure:1823: result: /usr/local/bin/ginstall -c
configure:1834: checking whether build environment is sane
configure:1889: result: yes
configure:2040: checking for a thread-safe mkdir -p
configure:2079: result: /usr/local/bin/gmkdir -p
configure:2086: checking for gawk
configure:2102: found /usr/local/bin/gawk
configure:2113: result: gawk
configure:2124: checking whether make sets $(MAKE)
configure:2146: result: yes
configure:2175: checking whether make supports nested variables
configure:2192: result: yes
configure:2310: checking whether ln -s works
configure:2314: result: yes
configure:2325: checking for gawk
configure:2352: result: gawk
configure:2366: checking for hfst-lexc
configure:2384: found /usr/local/bin/hfst-lexc
configure:2397: result: /usr/local/bin/hfst-lexc
configure:2411: checking for hfst-twolc
configure:2429: found /usr/local/bin/hfst-twolc
configure:2442: result: /usr/local/bin/hfst-twolc
configure:2666: checking that generated files are newer than configure
configure:2672: result: done
configure:2680: creating ./config.status

## ---------------------- ##
## Running config.status. ##
## ---------------------- ##

This file was extended by chkchn config.status 0.1.0, which was
generated by GNU Autoconf 2.69.  Invocation command line was

  CONFIG_FILES    = 
  CONFIG_HEADERS  = 
  CONFIG_LINKS    = 
  CONFIG_COMMANDS = 
  $ ./config.status 

on MacBook-Pro-My.local

config.status:771: creating Makefile

## ---------------- ##
## Cache variables. ##
## ---------------- ##

ac_cv_env_build_alias_set=
ac_cv_env_build_alias_value=
ac_cv_env_host_alias_set=
ac_cv_env_host_alias_value=
ac_cv_env_target_alias_set=
ac_cv_env_target_alias_value=
ac_cv_path_HFSTLEXC=/usr/local/bin/hfst-lexc
ac_cv_path_HFSTTWOLC=/usr/local/bin/hfst-twolc
ac_cv_path_install='/usr/local/bin/ginstall -c'
ac_cv_path_mkdir=/usr/local/bin/gmkdir
ac_cv_prog_AWK=gawk
ac_cv_prog_make_make_set=yes
am_cv_make_support_nested_variables=yes

## ----------------- ##
## Output variables. ##
## ----------------- ##

ACLOCAL='${SHELL} /Users/Basilis/Documents/Langs/A/missing aclocal-1.16'
AMTAR='$${TAR-tar}'
AM_BACKSLASH='\'
AM_DEFAULT_V='$(AM_DEFAULT_VERBOSITY)'
AM_DEFAULT_VERBOSITY='1'
AM_V='$(V)'
AUTOCONF='${SHELL} /Users/Basilis/Documents/Langs/A/missing autoconf'
AUTOHEADER='${SHELL} /Users/Basilis/Documents/Langs/A/missing autoheader'
AUTOMAKE='${SHELL} /Users/Basilis/Documents/Langs/A/missing automake-1.16'
AWK='gawk'
CYGPATH_W='echo'
DEFS='-DPACKAGE_NAME=\"chkchn\" -DPACKAGE_TARNAME=\"chkchn\" -DPACKAGE_VERSION=\"0.1.0\" -DPACKAGE_STRING=\"chkchn\ 0.1.0\" -DPACKAGE_BUGREPORT=\"francis.tyers@uit.no\" -DPACKAGE_URL=\"\"'
ECHO_C='\c'
ECHO_N=''
ECHO_T=''
HFSTLEXC='/usr/local/bin/hfst-lexc'
HFSTTWOLC='/usr/local/bin/hfst-twolc'
INSTALL_DATA='${INSTALL} -m 644'
INSTALL_PROGRAM='${INSTALL}'
INSTALL_SCRIPT='${INSTALL}'
INSTALL_STRIP_PROGRAM='$(install_sh) -c -s'
LIBOBJS=''
LIBS=''
LN_S='ln -s'
LTLIBOBJS=''
MAKEINFO='${SHELL} /Users/Basilis/Documents/Langs/A/missing makeinfo'
MKDIR_P='/usr/local/bin/gmkdir -p'
PACKAGE='chkchn'
PACKAGE_BUGREPORT='francis.tyers@uit.no'
PACKAGE_NAME='chkchn'
PACKAGE_STRING='chkchn 0.1.0'
PACKAGE_TARNAME='chkchn'
PACKAGE_URL=''
PACKAGE_VERSION='0.1.0'
PATH_SEPARATOR=':'
SET_MAKE=''
SHELL='/bin/sh'
STRIP=''
VERSION='0.1.0'
am__isrc=''
am__leading_dot='.'
am__tar='$${TAR-tar} chof - "$$tardir"'
am__untar='$${TAR-tar} xf -'
bindir='${exec_prefix}/bin'
build_alias=''
datadir='${datarootdir}'
datarootdir='${prefix}/share'
docdir='${datarootdir}/doc/${PACKAGE_TARNAME}'
dvidir='${docdir}'
exec_prefix='${prefix}'
host_alias=''
htmldir='${docdir}'
includedir='${prefix}/include'
infodir='${datarootdir}/info'
install_sh='${SHELL} /Users/Basilis/Documents/Langs/A/install-sh'
libdir='${exec_prefix}/lib'
libexecdir='${exec_prefix}/libexec'
localedir='${datarootdir}/locale'
localstatedir='${prefix}/var'
mandir='${datarootdir}/man'
mkdir_p='$(MKDIR_P)'
oldincludedir='/usr/include'
pdfdir='${docdir}'
prefix='/usr/local'
program_transform_name='s,x,x,'
psdir='${docdir}'
sbindir='${exec_prefix}/sbin'
sharedstatedir='${prefix}/com'
sysconfdir='${prefix}/etc'
target_alias=''

## ------------------- ##
## File substitutions. ##
## ------------------- ##

ap_include='./ap_include.am'

## ----------- ##
## confdefs.h. ##
## ----------- ##

/* confdefs.h */
#define PACKAGE_NAME "chkchn"
#define PACKAGE_TARNAME "chkchn"
#define PACKAGE_VERSION "0.1.0"
#define PACKAGE_STRING "chkchn 0.1.0"
#define PACKAGE_BUGREPORT "francis.tyers@uit.no"
#define PACKAGE_URL ""

configure: exit 0

## ---------------------- ##
## Running config.status. ##
## ---------------------- ##

This file was extended by chkchn config.status 0.1.0, which was
generated by GNU Autoconf 2.69.  Invocation command line was

  CONFIG_FILES    = 
  CONFIG_HEADERS  = 
  CONFIG_LINKS    = 
  CONFIG_COMMANDS = 
  $ ./config.status Makefile

on MacBook-Pro-My.local

config.status:771: creating Makefile
